

times in msec
 clock   self+sourced   self:  sourced script
 clock   elapsed:              other lines

000.017  000.017: --- NVIM STARTING ---
000.092  000.075: event init
000.203  000.111: early init
011.022  010.819: locale set
011.076  000.054: init first window
011.745  000.669: inits 1
011.839  000.094: window checked
011.850  000.011: parsing arguments
012.775  000.300  000.300: require('vim.shared')
013.447  000.266  000.266: require('vim._meta')
013.454  000.670  000.404: require('vim._editor')
013.458  001.072  000.102: require('vim._init_packages')
013.468  000.546: init lua interpreter
013.537  000.069: expanding arguments
013.584  000.048: inits 2
014.255  000.670: init highlight
014.258  000.004: waiting for UI
015.824  001.565: done waiting for UI
015.838  000.015: init screen for UI
016.037  000.199: init default mappings
016.057  000.019: init default autocommands
027.332  000.118  000.118: sourcing C:\Program Files\Dev Stuff\nvim-win64\share\nvim\runtime\ftplugin.vim
032.115  000.081  000.081: sourcing C:\Program Files\Dev Stuff\nvim-win64\share\nvim\runtime\indent.vim
037.983  005.315  005.315: require('user.options')
042.047  004.054  004.054: require('user.keymaps')
059.145  006.250  006.250: require('packer.util')
059.198  013.515  007.264: require('packer')
076.571  005.429  005.429: require('packer.log')
076.588  011.564  006.134: require('packer.async')
086.841  004.832  004.832: require('packer.result')
086.858  010.259  005.426: require('packer.jobs')
086.875  027.594  005.771: require('packer.plugin_utils')
092.486  005.507  005.507: require('packer.snapshot')
093.405  051.351  004.735: require('user.plugins')
111.813  005.304  005.304: require('tokyonight.treesitter')
111.824  010.846  005.542: require('tokyonight.util')
122.129  004.813  004.813: require('tokyonight.colors')
122.137  010.308  005.495: require('tokyonight.theme')
127.472  005.330  005.330: require('tokyonight.config')
127.481  031.337  004.853: require('tokyonight')
139.736  000.019  000.019: require('vim.F')
139.776  006.366  006.347: require('vim.diagnostic')
157.666  005.498  005.498: require('vim.treesitter.language')
157.682  011.725  006.227: require('vim.treesitter.query')
163.883  006.196  006.196: require('vim.treesitter.languagetree')
163.932  024.137  006.216: require('vim.treesitter')
170.277  006.340  006.340: require('vim.treesitter.highlighter')
171.801  038.638  001.795: sourcing C:\Users\Gabriel\AppData\Local\nvim-data\site\pack\packer\start\tokyonight.nvim\colors\tokyonight-moon.lua
171.830  078.416  008.442: require('user.colorscheme')
189.934  004.421  004.421: require('barbecue.config.template')
189.949  009.565  005.144: require('barbecue.config')
201.313  006.614  006.614: require('nvim-web-devicons')
207.323  005.994  005.994: require('barbecue.utils')
207.346  017.391  004.783: require('barbecue.theme')
216.084  003.892  003.892: require('barbecue.ui.entry')
219.516  003.418  003.418: require('barbecue.ui.state')
228.161  004.870  004.870: require('nvim-navic')
228.175  008.650  003.780: require('barbecue.ui.components')
231.512  003.332  003.332: require('barbecue.ui.mouse')
231.524  024.168  004.876: require('barbecue.ui')
234.839  003.310  003.310: require('barbecue.autocmd')
234.848  059.305  004.870: require('barbecue')
240.626  068.791  009.486: require('user.barbecue')
259.320  004.086  004.086: require('cmp.utils.debug')
268.454  004.440  004.440: require('cmp.utils.char')
268.467  009.136  004.696: require('cmp.utils.str')
272.548  004.076  004.076: require('cmp.utils.pattern')
286.124  004.631  004.631: require('cmp.utils.misc')
289.957  003.824  003.824: require('cmp.utils.buffer')
294.251  004.286  004.286: require('cmp.utils.api')
294.260  017.599  004.858: require('cmp.utils.keymap')
294.268  021.712  004.113: require('cmp.utils.feedkeys')
299.769  005.495  005.495: require('cmp.utils.async')
311.615  004.178  004.178: require('cmp.types.cmp')
316.007  004.383  004.383: require('cmp.types.lsp')
319.545  003.530  003.530: require('cmp.types.vim')
319.554  015.576  003.485: require('cmp.types')
323.690  004.038  004.038: require('cmp.utils.cache')
323.701  023.925  004.310: require('cmp.context')
337.944  005.050  005.050: require('cmp.config.mapping')
346.639  004.433  004.433: require('cmp.config.compare')
346.648  008.694  004.261: require('cmp.config.default')
346.668  018.136  004.392: require('cmp.config')
355.747  004.134  004.134: require('cmp.matcher')
355.758  009.084  004.950: require('cmp.entry')
355.767  032.061  004.840: require('cmp.source')
364.510  004.154  004.154: require('cmp.utils.event')
373.502  004.465  004.465: require('cmp.utils.window')
373.511  008.993  004.529: require('cmp.view.docs_view')
382.525  003.988  003.988: require('cmp.utils.autocmd')
382.541  009.026  005.038: require('cmp.view.custom_entries_view')
387.205  004.658  004.658: require('cmp.view.wildmenu_entries_view')
391.868  004.655  004.655: require('cmp.view.native_entries_view')
396.165  004.288  004.288: require('cmp.view.ghost_text_view')
396.188  040.417  004.641: require('cmp.view')
396.356  147.042  006.134: require('cmp.core')
400.628  004.132  004.132: require('cmp.config.sources')
406.527  005.887  005.887: require('cmp.config.window')
406.714  162.483  005.422: require('cmp')
429.443  004.417  004.417: require('luasnip.session')
435.319  005.856  005.856: require('luasnip.util.util')
439.968  004.631  004.631: require('luasnip.util.types')
450.652  005.547  005.547: require('luasnip.util.ext_opts')
450.668  010.690  005.143: require('luasnip.nodes.util')
455.130  004.456  004.456: require('luasnip.util.events')
455.151  035.946  005.896: require('luasnip.nodes.node')
465.871  005.590  005.590: require('luasnip.util.extend_decorator')
465.895  010.738  005.148: require('luasnip.nodes.insertNode')
470.840  004.939  004.939: require('luasnip.nodes.textNode')
476.315  005.455  005.455: require('luasnip.util.mark')
488.870  006.777  006.777: require('luasnip.util._builtin_vars')
489.133  000.241  000.241: require('vim.inspect')
489.221  012.870  005.852: require('luasnip.util.environ')
495.954  006.725  006.725: require('luasnip.util.pattern_tokenizer')
501.885  005.908  005.908: require('luasnip.util.dict')
507.666  005.761  005.761: require('luasnip.session.snippet_collection')
507.783  095.274  006.931: require('luasnip.nodes.snippet')
517.687  004.467  004.467: require('luasnip.loaders._caches')
523.553  005.848  005.848: require('luasnip.util.path')
523.598  015.807  005.491: require('luasnip.loaders')
529.346  005.727  005.727: require('luasnip.util.log')
535.859  006.479  006.479: require('luasnip.nodes.functionNode')
541.991  006.110  006.110: require('luasnip.nodes.choiceNode')
547.582  005.570  005.570: require('luasnip.nodes.dynamicNode')
553.429  005.822  005.822: require('luasnip.nodes.restoreNode')
569.872  005.372  005.372: require('luasnip.util.parser.neovim_ast')
582.278  005.411  005.411: require('luasnip.util.directed_graph')
582.301  023.276  012.493: require('luasnip.util.parser.ast_utils')
593.115  005.272  005.272: require('luasnip.util.functions')
593.142  010.829  005.557: require('luasnip.util.parser.ast_parser')
599.450  006.294  006.294: require('luasnip.util.parser.neovim_parser')
604.936  005.469  005.469: require('luasnip.util.str')
604.957  051.500  005.632: require('luasnip.util.parser')
622.198  007.104  007.104: require('nvim-treesitter.parsers')
634.932  006.697  006.697: require('nvim-treesitter.utils')
634.952  012.736  006.039: require('nvim-treesitter.ts_utils')
634.966  024.861  005.021: require('luasnip.extras.filetype_functions')
640.097  005.099  005.099: require('luasnip.nodes.absolute_indexer')
646.439  006.325  006.325: require('luasnip.extras')
651.334  004.878  004.878: require('luasnip.extras.fmt')
666.169  005.606  005.606: require('luasnip.extras.conditions')
671.880  005.689  005.689: require('luasnip.extras.conditions.show')
671.900  016.213  004.919: require('luasnip.extras.conditions.expand')
671.912  020.560  004.347: require('luasnip.extras.expand_conditions')
677.573  005.649  005.649: require('luasnip.extras.postfix')
677.936  072.966  005.594: require('luasnip.config')
678.001  271.281  006.027: require('luasnip')
691.165  006.358  006.358: require('luasnip.loaders.util')
698.623  007.432  007.432: require('luasnip.nodes.snippetProxy')
698.646  020.618  006.828: require('luasnip/loaders/from_vscode')
732.277  491.643  037.261: require('user.cmp')
780.115  011.118  011.118: require('vim.lsp.log')
788.808  008.679  008.679: require('vim.lsp.protocol')
808.329  008.395  008.395: require('vim.lsp._snippet')
820.091  011.751  011.751: require('vim.highlight')
820.130  031.311  011.165: require('vim.lsp.util')
820.166  059.594  008.486: require('vim.lsp.handlers')
832.275  012.099  012.099: require('vim.lsp.rpc')
840.833  008.542  008.542: require('vim.lsp.sync')
849.046  008.199  008.199: require('vim.lsp.buf')
856.277  007.220  007.220: require('vim.lsp.diagnostic')
864.382  008.095  008.095: require('vim.lsp.codelens')
864.484  112.281  008.533: require('vim.lsp')
864.598  118.850  006.569: require('lspconfig.util')
864.606  124.207  005.357: require('lspconfig.configs')
864.611  128.876  004.668: require('lspconfig')
892.730  006.518  006.518: require('mason-core.path')
892.766  015.299  008.781: require('mason.settings')
906.034  006.647  006.647: require('mason-core.functional')
924.675  009.965  009.965: require('mason-core.functional.data')
924.699  018.608  008.643: require('mason-core.functional.function')
931.946  007.175  007.175: require('mason-core.functional.relation')
939.299  007.329  007.329: require('mason-core.functional.logic')
939.359  046.588  006.829: require('mason-core.platform')
939.373  068.647  006.761: require('mason')
953.126  006.557  006.557: require('mason-core.functional.list')
953.186  013.675  007.118: require('mason.api.command')
967.690  005.544  005.544: require('mason-core.log')
967.702  014.497  008.954: require('mason-lspconfig')
973.452  005.745  005.745: require('mason-lspconfig.settings')
985.643  005.835  005.835: require('mason-core.notify')
985.659  012.186  006.351: require('mason-lspconfig.lspconfig_hook')
999.968  006.966  006.966: require('mason-core.functional.table')
1000.037  014.372  007.406: require('mason-lspconfig.mappings.server')
1024.138  008.329  008.329: require('mason-core.async')
1029.921  005.770  005.770: require('mason-core.async.uv')
1029.939  023.222  009.124: require('mason-core.fs')
1038.426  008.481  008.481: require('mason-core.optional')
1044.920  006.484  006.484: require('mason-core.EventEmitter')
1051.216  006.287  006.287: require('mason-registry.index')
1051.259  051.216  006.742: require('mason-registry')
1059.105  007.838  007.838: require('mason-lspconfig.server_config_extensions')
1068.192  009.075  009.075: require('lspconfig.server_configurations.omnisharp')
1076.248  007.957  007.957: require('mason-lspconfig.ensure_installed')
1101.576  008.862  008.862: require('mason-core.result')
1124.324  008.689  008.689: require('mason-core.process')
1135.208  026.003  017.313: require('mason-core.spawn')
1143.223  008.005  008.005: require('mason-core.receipt')
1151.934  008.689  008.689: require('mason-core.functional.string')
1151.968  050.375  007.679: require('mason-core.installer.context')
1158.788  006.813  006.813: require('mason-core.installer.linker')
1166.153  007.349  007.349: require('mason-core.async.control')
1166.179  081.749  008.350: require('mason-core.installer')
1175.737  009.552  009.552: require('mason-core.installer.handle')
1213.983  006.540  006.540: require('mason-core.managers.powershell')
1213.995  013.114  006.574: require('mason-core.fetch')
1214.002  020.556  007.443: require('mason-core.managers.cargo.client')
1231.092  009.125  009.125: require('mason-core.managers.std')
1247.223  007.979  007.979: require('mason-core.providers')
1247.254  016.148  008.169: require('mason-core.managers.github.client')
1247.269  033.261  007.988: require('mason-core.managers.github')
1247.312  063.153  009.335: require('mason-core.managers.cargo')
1253.680  006.361  006.361: require('mason-core.managers.composer')
1260.828  007.138  007.138: require('mason-core.managers.gem')
1268.078  007.220  007.220: require('mason-core.managers.git')
1275.544  007.453  007.453: require('mason-core.managers.go')
1284.275  008.714  008.714: require('mason-core.managers.luarocks')
1292.817  008.510  008.510: require('mason-core.managers.npm')
1300.969  008.133  008.133: require('mason-core.managers.pip3')
1301.005  125.252  008.570: require('mason-core.package.version-check')
1301.021  224.758  008.205: require('mason-core.package')
1309.294  008.255  008.255: require('mason-registry.lua-language-server')
1316.049  006.533  006.533: require('mason-registry.json-lsp')
1322.641  006.559  006.559: require('mason-registry.eslint-lsp')
1329.952  007.222  007.222: require('mason-registry.emmet-ls')
1335.348  005.369  005.369: require('mason-registry.cssmodules-language-server')
1342.418  007.046  007.046: require('mason-registry.css-lsp')
1349.906  007.464  007.464: require('mason-registry.graphql-language-service-cli')
1356.290  006.355  006.355: require('mason-registry.html-lsp')
1362.360  006.042  006.042: require('mason-registry.quick-lint-js')
1369.951  007.556  007.556: require('mason-registry.typescript-language-server')
1378.399  008.389  008.389: require('mason-registry.tailwindcss-language-server')
1393.613  006.010  006.010: require('mason-core.functional.number')
1393.684  015.261  009.251: require('mason-lspconfig.api.command')
1416.108  009.341  009.341: require('cmp_nvim_lsp.source')
1416.127  016.517  007.176: require('cmp_nvim_lsp')
1416.190  022.498  005.982: require('user.lsp.handlers')
1420.572  004.357  004.357: require('user.lsp.settings.sumneko_lua')
1427.699  007.056  007.056: require('lspconfig.server_configurations.sumneko_lua')
1439.221  007.535  007.535: require('user.lsp.settings.jsonls')
1447.475  008.235  008.235: require('lspconfig.server_configurations.jsonls')
1458.028  006.919  006.919: require('user.lsp.settings.eslint')
1484.914  026.856  026.856: require('lspconfig.server_configurations.eslint')
1499.439  007.921  007.921: require('lspconfig.server_configurations.emmet_ls')
1513.423  007.341  007.341: require('lspconfig.server_configurations.cssmodules_ls')
1524.697  004.435  004.435: require('lspconfig.server_configurations.cssls')
1537.472  005.460  005.460: require('lspconfig.server_configurations.graphql')
1551.631  005.569  005.569: require('lspconfig.server_configurations.html')
1567.321  006.333  006.333: require('lspconfig.server_configurations.quick_lint_js')
1582.696  006.162  006.162: require('lspconfig.server_configurations.tsserver')
1595.941  006.279  006.279: require('lspconfig.server_configurations.tailwindcss')
1599.482  734.866  079.892: require('user.lsp.mason')
1626.958  007.009  007.009: require('null-ls.utils')
1626.984  016.049  009.040: require('null-ls.config')
1640.972  007.623  007.623: require('null-ls.helpers.cache')
1647.477  006.486  006.486: require('null-ls.helpers.diagnostics')
1652.597  005.107  005.107: require('null-ls.helpers.formatter_factory')
1668.210  006.210  006.210: require('null-ls.logger')
1673.541  005.321  005.321: require('null-ls.state')
1673.551  020.945  009.414: require('null-ls.helpers.generator_factory')
1684.116  005.365  005.365: require('null-ls.helpers.command_resolver')
1684.126  010.570  005.205: require('null-ls.helpers.make_builtin')
1688.924  004.793  004.793: require('null-ls.helpers.range_formatting_args_factory')
1688.933  061.944  006.420: require('null-ls.helpers')
1707.285  005.864  005.864: require('null-ls.methods')
1707.297  012.688  006.824: require('null-ls.diagnostics')
1707.308  018.370  005.681: require('null-ls.sources')
1712.038  004.724  004.724: require('null-ls.builtins')
1712.048  107.682  006.596: require('null-ls')
1723.647  011.593  011.593: require('null-ls.builtins.formatting.prettier')
1730.851  007.185  007.185: require('null-ls.builtins.formatting.stylua')
1736.230  005.200  005.200: require('null-ls.client')
1736.275  136.752  005.092: require('user.lsp.null-ls')
1736.281  1003.993  003.501: require('user.lsp')
1755.449  005.256  005.256: require('telescope._extensions')
1755.460  015.909  010.653: require('telescope')
1785.388  006.200  006.200: require('plenary.bit')
1790.705  005.305  005.305: require('plenary.functional')
1790.739  017.945  006.440: require('plenary.path')
1790.747  023.224  005.278: require('plenary.strings')
1796.001  005.249  005.249: require('telescope.deprecated')
1814.763  006.262  006.262: require('plenary.log')
1814.786  011.998  005.737: require('telescope.log')
1829.246  007.412  007.412: require('plenary.job')
1835.011  005.748  005.748: require('telescope.state')
1835.031  020.239  007.079: require('telescope.utils')
1835.044  039.033  006.795: require('telescope.sorters')
1836.543  074.845  007.339: require('telescope.config')
1849.596  006.385  006.385: require('plenary.window.border')
1855.909  006.296  006.296: require('plenary.window')
1863.159  007.231  007.231: require('plenary.popup.utils')
1863.188  026.635  006.722: require('plenary.popup')
1871.877  008.681  008.681: require('telescope.pickers.scroller')
1878.612  006.714  006.714: require('telescope.actions.state')
1885.726  007.098  007.098: require('telescope.actions.utils')
1899.416  006.774  006.774: require('telescope.actions.mt')
1899.436  013.696  006.922: require('telescope.actions.set')
1918.120  008.197  008.197: require('telescope.config.resolve')
1918.137  018.694  010.498: require('telescope.pickers.entry_display')
1925.838  007.694  007.694: require('telescope.from_entry')
1926.045  170.566  006.508: require('telescope.actions')
1942.965  000.038  000.038: require('ffi')
1963.733  028.476  028.438: require('fzf_lib')
1963.755  036.678  008.202: require('telescope._extensions.fzf')
1963.785  227.500  004.347: require('user.telescope')
2006.439  009.714  009.714: require('nvim-treesitter.tsrange')
2013.739  007.286  007.286: require('nvim-treesitter.caching')
2013.757  027.944  010.944: require('nvim-treesitter.query')
2013.776  043.501  015.557: require('nvim-treesitter.configs')
2026.077  004.970  004.970: require('nvim-treesitter.info')
2031.334  005.244  005.244: require('nvim-treesitter.shell_command_selectors')
2031.372  017.574  007.360: require('nvim-treesitter.install')
2237.125  273.334  212.259: require('user.treesitter')
2249.345  003.732  003.732: require('nvim-autopairs._log')
2254.179  004.822  004.822: require('nvim-autopairs.utils')
2267.575  004.781  004.781: require('nvim-autopairs.conds')
2267.588  009.352  004.572: require('nvim-autopairs.rule')
2267.594  013.405  004.052: require('nvim-autopairs.rules.basic')
2267.606  026.796  004.838: require('nvim-autopairs')
2271.941  004.282  004.282: require('nvim-autopairs.fastwrap')
2280.249  004.572  004.572: require('nvim-autopairs.ts-conds')
2280.259  008.239  003.667: require('nvim-autopairs.rules.ts_basic')
2288.573  003.917  003.917: require('nvim-autopairs.completion.handlers')
2288.588  007.992  004.076: require('nvim-autopairs.completion.cmp')
2288.601  051.461  004.151: require('user.autopairs')
2295.332  003.938  003.938: require('Comment')
2299.088  003.741  003.741: require('Comment.config')
2311.398  003.957  003.957: require('Comment.ft')
2311.416  008.255  004.298: require('Comment.utils')
2315.254  003.831  003.831: require('Comment.opfunc')
2318.875  003.611  003.611: require('Comment.extra')
2318.891  019.787  004.090: require('Comment.api')
2318.966  000.066  000.066: require('vim.keymap')
2319.127  030.519  002.987: require('user.comment')
2354.470  006.971  006.971: require('nvim-tree.notify')
2354.493  012.146  005.175: require('nvim-tree.events')
2373.469  008.133  008.133: require('nvim-tree.log')
2393.390  008.422  008.422: require('nvim-tree.iterators.node-iterator')
2393.496  020.017  011.594: require('nvim-tree.utils')
2413.130  019.628  019.628: require('nvim-tree.git.utils')
2422.709  009.571  009.571: require('nvim-tree.git.runner')
2435.467  012.749  012.749: require('nvim-tree.watcher')
2443.596  008.120  008.120: require('nvim-tree.explorer.node')
2443.609  084.828  006.611: require('nvim-tree.git')
2447.918  004.304  004.304: require('nvim-tree.explorer.watch')
2456.506  004.229  004.229: require('nvim-tree.explorer.node-builders')
2461.232  004.666  004.666: require('nvim-tree.explorer.sorters')
2465.729  004.489  004.489: require('nvim-tree.explorer.filters')
2475.688  005.010  005.010: require('nvim-tree.view')
2475.702  009.964  004.955: require('nvim-tree.live-filter')
2475.710  027.783  004.435: require('nvim-tree.explorer.explore')
2480.347  004.632  004.632: require('nvim-tree.explorer.reload')
2480.356  125.858  004.311: require('nvim-tree.explorer')
2480.363  142.792  004.787: require('nvim-tree.core')
2484.810  004.442  004.442: require('nvim-tree.diagnostics')
2492.773  003.918  003.918: require('nvim-tree.modified')
2492.785  007.966  004.049: require('nvim-tree.renderer.components.modified')
2497.224  004.434  004.434: require('nvim-tree.renderer.components.padding')
2501.535  004.302  004.302: require('nvim-tree.renderer.components.icons')
2505.957  004.413  004.413: require('nvim-tree.renderer.components.full-name')
2510.246  004.279  004.279: require('nvim-tree.renderer.help')
2514.669  004.415  004.415: require('nvim-tree.renderer.components.git')
2519.746  005.069  005.069: require('nvim-tree.renderer.builder')
2524.105  004.351  004.351: require('nvim-tree.marks')
2524.117  191.504  005.041: require('nvim-tree.renderer')
2528.320  004.192  004.192: require('nvim-tree.actions.tree-modifiers.collapse-all')
2532.188  003.860  003.860: require('nvim-tree.actions.root.dir-up')
2536.727  004.530  004.530: require('nvim-tree.actions.root.change-dir')
2541.004  004.263  004.263: require('nvim-tree.actions.reloaders.reloaders')
2545.253  004.237  004.237: require('nvim-tree.actions.finders.find-file')
2545.265  217.740  005.154: require('nvim-tree.lib')
2549.639  004.368  004.368: require('nvim-tree.colors')
2553.940  004.287  004.287: require('nvim-tree.legacy')
2558.879  004.926  004.926: require('nvim-tree.actions.fs.copy-paste')
2568.146  004.637  004.637: require('nvim-tree.actions.tree-modifiers.expand-all')
2572.208  004.053  004.053: require('nvim-tree.actions.tree-modifiers.toggles')
2576.770  004.553  004.553: require('nvim-tree.actions.fs.create-file')
2581.058  004.279  004.279: require('nvim-tree.actions.fs.rename-file')
2585.597  004.530  004.530: require('nvim-tree.actions.fs.trash')
2590.102  004.497  004.497: require('nvim-tree.actions.fs.remove-file')
2594.151  004.024  004.024: require('nvim-tree.actions.moves.parent')
2598.230  004.071  004.071: require('nvim-tree.actions.moves.sibling')
2602.284  004.045  004.045: require('nvim-tree.actions.moves.item')
2606.511  004.217  004.217: require('nvim-tree.actions.finders.search-node')
2610.381  003.862  003.862: require('nvim-tree.actions.node.run-command')
2614.694  004.305  004.305: require('nvim-tree.actions.node.file-popup')
2619.094  004.391  004.391: require('nvim-tree.actions.node.system-open')
2623.220  004.116  004.116: require('nvim-tree.marks.bulk-move')
2623.229  064.334  004.755: require('nvim-tree.actions.dispatch')
2623.306  301.133  005.476: require('nvim-tree')
2627.102  003.790  003.790: require('nvim-tree.config')
2634.152  005.070  005.070: require('nvim-tree.actions')
2638.845  004.681  004.681: require('nvim-tree.actions.node.open-file')
2681.888  016.798  016.798: require('nvim-tree.marks.navigation')
2681.898  031.799  015.001: require('nvim-tree.api')
2681.922  042.185  010.387: require('nvim-tree.keymap')
2684.461  365.328  008.468: require('user.nvim-tree')
2730.382  015.164  015.164: require('toggleterm.lazy')
2741.225  010.830  010.830: require('toggleterm.constants')
2747.472  006.232  006.232: require('toggleterm.terminal')
2747.496  049.843  017.617: require('toggleterm')
2757.984  005.411  005.411: require('toggleterm.colors')
2763.274  005.281  005.281: require('toggleterm.utils')
2763.297  015.787  005.095: require('toggleterm.config')
2769.159  005.673  005.673: require('toggleterm.commandline')
2769.399  084.930  013.627: require('user.toggleterm')
2781.741  003.956  003.956: require('lualine_require')
2790.004  017.070  013.115: require('lualine')
2793.976  003.952  003.952: require('auto-session-library')
2830.107  003.446  003.446: require('lualine.utils.mode')
2883.683  114.278  089.809: require('user.lualine')
2890.533  004.072  004.072: require('hop')
2898.068  003.813  003.813: require('hop.perm')
2901.616  003.532  003.532: require('hop.priority')
2901.633  011.084  003.740: require('hop.hint')
2901.671  017.972  002.816: require('user.hop')
2913.698  004.875  004.875: require('project_nvim.config')
2924.624  004.918  004.918: require('project_nvim.utils.path')
2924.647  010.934  006.016: require('project_nvim.utils.history')
2924.660  020.057  004.248: require('project_nvim')
2930.304  005.572  005.572: require('project_nvim.utils.globtopattern')
2935.837  005.440  005.440: require('project_nvim.project')
2954.317  006.874  006.874: require('telescope.make_entry')
2995.155  007.637  007.637: require('plenary.tbl')
2995.174  014.742  007.105: require('plenary.vararg.rotate')
2995.179  022.314  007.572: require('plenary.vararg')
3002.069  006.884  006.884: require('plenary.errors')
3002.083  038.056  008.858: require('plenary.async.async')
3035.922  006.559  006.559: require('plenary.async.structs')
3035.942  016.221  009.662: require('plenary.async.control')
3035.952  025.096  008.876: require('plenary.async.util')
3035.959  033.869  008.773: require('plenary.async.tests')
3035.965  076.580  004.655: require('plenary.async')
3035.971  081.642  005.062: require('telescope.finders.async_static_finder')
3054.016  005.386  005.386: require('plenary.class')
3054.063  012.573  007.187: require('telescope._')
3054.071  018.095  005.521: require('telescope.finders.async_oneshot_finder')
3059.229  005.153  005.153: require('telescope.finders.async_job_finder')
3059.243  117.827  006.063: require('telescope.finders')
3071.723  006.402  006.402: require('telescope.debounce')
3077.893  006.158  006.158: require('telescope.mappings')
3083.047  005.144  005.144: require('telescope.pickers.highlights')
3088.005  004.948  004.948: require('telescope.pickers.window')
3100.164  006.362  006.362: require('telescope.algos.linked_list')
3100.192  012.175  005.814: require('telescope.entry_manager')
3106.082  005.883  005.883: require('telescope.pickers.multi')
3106.127  046.877  006.168: require('telescope.pickers')
3117.999  005.937  005.937: require('telescope.builtin.__lsp')
3118.048  011.913  005.976: require('telescope.builtin')
3118.061  182.120  005.503: require('telescope._extensions.projects')
3118.070  216.387  003.198: require('user.project')
3133.116  005.317  005.317: require('gitsigns.async')
3137.215  004.080  004.080: require('gitsigns.status')
3146.811  004.856  004.856: require('gitsigns.debug')
3151.595  004.774  004.774: require('gitsigns.util')
3159.845  003.868  003.868: require('gitsigns.uv')
3159.854  008.248  004.380: require('gitsigns.subprocess')
3176.348  003.669  003.669: require('gitsigns.message')
3176.364  008.294  004.625: require('gitsigns.config')
3179.578  003.208  003.208: require('gitsigns.signs.base')
3179.586  015.333  003.831: require('gitsigns.signs')
3179.594  019.736  004.402: require('gitsigns.hunks')
3190.691  053.465  015.851: require('gitsigns.git')
3200.023  004.068  004.068: require('gitsigns.cache')
3204.013  003.978  003.978: require('gitsigns.debounce')
3207.665  003.641  003.641: require('gitsigns.diff')
3207.687  016.987  005.300: require('gitsigns.manager')
3211.722  004.029  004.029: require('gitsigns.highlight')
3211.745  089.845  005.966: require('gitsigns')
3224.847  005.147  005.147: require('gitsigns.signs.vimfn')
3227.012  108.937  013.945: require('user.gitsigns')
3249.651  009.321  009.321: require('dashboard')
3249.757  022.735  013.414: require('user.dashboard-nvim')
3264.680  005.837  005.837: require('colorizer/nvim')
3271.246  006.546  006.546: require('colorizer/trie')
3271.442  017.984  005.601: require('colorizer')
3272.439  022.675  004.691: require('user.colorizer')
3282.329  005.936  005.936: require('ufo')
3294.477  006.088  006.088: require('ufo.utils')
3326.445  012.282  012.282: require('promise-async.utils')
3334.215  007.751  007.751: require('promise-async.error')
3339.518  005.272  005.272: require('promise-async.loop')
3339.535  036.078  010.773: require('promise')
3344.740  005.199  005.199: require('ufo.lib.log')
3344.750  050.259  008.981: require('ufo.provider')
3354.595  004.532  004.532: require('ufo.config')
3365.301  005.420  005.420: require('promise-async.compat')
3365.314  010.710  005.290: require('async')
3374.023  004.296  004.296: require('ufo.lib.disposable')
3374.032  008.712  004.416: require('ufo.lib.event')
3388.510  004.678  004.678: require('ufo.model.buffer')
3392.886  004.367  004.367: require('ufo.model.foldedline')
3392.897  014.060  005.015: require('ufo.model.foldbuffer')
3397.590  004.688  004.688: require('ufo.bufmanager')
3406.981  004.786  004.786: require('ufo.wffi')
3406.989  009.392  004.605: require('ufo.fold.driver')
3406.996  032.959  004.820: require('ufo.fold.manager')
3411.530  004.528  004.528: require('ufo.lib.debounce')
3411.544  066.788  005.348: require('ufo.fold')
3426.028  004.628  004.628: require('ufo.highlight')
3430.229  004.192  004.192: require('ufo.render.extmark')
3434.614  004.376  004.376: require('ufo.render.treesitter')
3438.999  004.378  004.378: require('ufo.render.match')
3439.010  022.668  005.094: require('ufo.render')
3439.017  027.468  004.800: require('ufo.decorator')
3451.653  007.690  007.690: require('ufo.preview.floatwin')
3456.149  004.487  004.487: require('ufo.preview.scrollbar')
3460.537  004.380  004.380: require('ufo.preview.winbar')
3464.957  004.412  004.412: require('ufo.preview.keymap')
3464.968  025.947  004.978: require('ufo.preview')
3464.976  182.628  006.078: require('ufo.main')
3465.312  192.865  004.301: require('user.ufo')
3472.878  004.760  004.760: require('wilder')
3477.828  004.942  004.942: require('wilder.shim')
3482.719  000.105  000.105: sourcing C:\Users\Gabriel\AppData\Local\nvim-data\site\pack\packer\start\wilder.nvim\autoload\wilder\lua.vim
3490.094  001.059  001.059: sourcing C:\Users\Gabriel\AppData\Local\nvim-data\site\pack\packer\start\wilder.nvim\autoload\wilder.vim
3495.075  000.073  000.073: sourcing C:\Users\Gabriel\AppData\Local\nvim-data\site\pack\packer\start\wilder.nvim\autoload\wilder\setup.vim
3499.371  000.111  000.111: sourcing C:\Users\Gabriel\AppData\Local\nvim-data\site\pack\packer\start\wilder.nvim\autoload\wilder\options.vim
3505.334  000.716  000.716: sourcing C:\Users\Gabriel\AppData\Local\nvim-data\site\pack\packer\start\wilder.nvim\autoload\wilder\highlight.vim
3531.151  000.263  000.263: sourcing C:\Users\Gabriel\AppData\Local\nvim-data\site\pack\packer\start\wilder.nvim\autoload\wilder\highlighter.vim
3537.411  000.235  000.235: sourcing C:\Users\Gabriel\AppData\Local\nvim-data\site\pack\packer\start\wilder.nvim\autoload\wilder\renderer\component\popupmenu_devicons.vim
3542.159  000.096  000.096: sourcing C:\Users\Gabriel\AppData\Local\nvim-data\site\pack\packer\start\wilder.nvim\autoload\wilder\cache.vim
3546.713  000.105  000.105: sourcing C:\Users\Gabriel\AppData\Local\nvim-data\site\pack\packer\start\wilder.nvim\autoload\wilder\renderer\component\popupmenu_scrollbar.vim
3551.923  000.206  000.206: sourcing C:\Users\Gabriel\AppData\Local\nvim-data\site\pack\packer\start\wilder.nvim\autoload\wilder\renderer\popupmenu_border_theme.vim
3556.949  000.143  000.143: sourcing C:\Users\Gabriel\AppData\Local\nvim-data\site\pack\packer\start\wilder.nvim\autoload\wilder\renderer\component\popupmenu_error_message.vim
3565.450  000.575  000.575: sourcing C:\Users\Gabriel\AppData\Local\nvim-data\site\pack\packer\start\wilder.nvim\autoload\wilder\renderer\popupmenu.vim
3571.494  000.213  000.213: sourcing C:\Users\Gabriel\AppData\Local\nvim-data\site\pack\packer\start\wilder.nvim\autoload\wilder\render.vim
3580.360  000.231  000.231: sourcing C:\Users\Gabriel\AppData\Local\nvim-data\site\pack\packer\start\wilder.nvim\autoload\wilder\renderer\nvim_api.vim
3580.973  115.654  101.822: require('user.wilder')
3593.739  004.269  004.269: require('legendary.vendor.lazy')
3593.753  009.060  004.791: require('legendary')
3597.873  004.113  004.113: require('legendary.config')
3602.021  004.113  004.113: require('legendary.deprecate')
3615.030  005.417  005.417: require('legendary.vendor.middleclass')
3618.909  003.868  003.868: require('legendary.util')
3632.253  003.851  003.851: require('legendary.api.cache')
3632.264  008.002  004.151: require('legendary.log')
3632.271  013.353  005.351: require('legendary.toolbox')
3636.180  003.905  003.905: require('legendary.vendor.sorter')
3636.235  031.023  004.480: require('legendary.data.itemlist')
3636.242  034.209  003.186: require('legendary.data.state')
3640.419  004.166  004.166: require('legendary.data.keymap')
3647.896  003.729  003.729: require('legendary.data.autocmd')
3647.908  007.245  003.515: require('legendary.data.augroup')
3656.345  004.536  004.536: require('legendary.data.command')
3660.469  004.115  004.115: require('legendary.data.function')
3660.495  012.582  003.932: require('legendary.data.itemgroup')
3662.139  081.159  005.670: require('user.legendary')
3681.414  007.656  007.656: require('auto-session-autocmds')
3681.465  016.480  008.824: require('auto-session')
3704.976  006.368  006.368: require('telescope._extensions.session-lens.session-lens-library')
3709.631  004.645  004.645: require('telescope._extensions.session-lens.session-lens-actions')
3716.190  006.550  006.550: require('telescope.themes')
3716.199  027.119  009.557: require('telescope._extensions.session-lens.main')
3716.205  034.734  007.614: require('session-lens')
3720.797  004.574  004.574: require('telescope._extensions.session-lens')
3720.812  058.663  002.876: require('user.session-lens')
3720.818  3688.239  000.279: sourcing C:\Users\Gabriel\AppData\Local\nvim\init.lua
3720.869  016.374: sourcing vimrc file(s)
3729.069  000.073  000.073: sourcing C:\Users\Gabriel\AppData\Local\nvim-data\site\pack\packer\start\LuaSnip\ftdetect\snippets.vim
3732.457  000.076  000.076: sourcing C:\Users\Gabriel\AppData\Local\nvim-data\site\pack\packer\start\vim-fugitive\ftdetect\fugitive.vim
3734.192  008.462  008.312: sourcing C:\Program Files\Dev Stuff\nvim-win64\share\nvim\runtime\filetype.lua
3739.364  000.070  000.070: sourcing C:\Program Files\Dev Stuff\nvim-win64\share\nvim\runtime\filetype.vim
3748.319  000.156  000.156: sourcing C:\Program Files\Dev Stuff\nvim-win64\share\nvim\runtime\syntax\synload.vim
3748.567  005.307  005.151: sourcing C:\Program Files\Dev Stuff\nvim-win64\share\nvim\runtime\syntax\syntax.vim
3759.855  000.460  000.460: sourcing C:\Program Files\Dev Stuff\nvim-win64\share\nvim\runtime\plugin\gzip.vim
3762.349  000.050  000.050: sourcing C:\Program Files\Dev Stuff\nvim-win64\share\nvim\runtime\plugin\health.vim
3770.189  000.532  000.532: sourcing C:\Program Files\Dev Stuff\nvim-win64\share\nvim\runtime\pack\dist\opt\matchit\plugin\matchit.vim
3770.522  005.697  005.166: sourcing C:\Program Files\Dev Stuff\nvim-win64\share\nvim\runtime\plugin\matchit.vim
3774.571  000.279  000.279: sourcing C:\Program Files\Dev Stuff\nvim-win64\share\nvim\runtime\plugin\matchparen.vim
3778.918  000.048  000.048: sourcing C:\Program Files\Dev Stuff\nvim-win64\share\nvim\runtime\plugin\netrwPlugin.vim
3785.475  000.050  000.050: sourcing C:\Users\Gabriel\AppData\Local\nvim-data/rplugin.vim
3785.501  002.790  002.740: sourcing C:\Program Files\Dev Stuff\nvim-win64\share\nvim\runtime\plugin\rplugin.vim
3788.987  000.145  000.145: sourcing C:\Program Files\Dev Stuff\nvim-win64\share\nvim\runtime\plugin\shada.vim
3792.131  000.067  000.067: sourcing C:\Program Files\Dev Stuff\nvim-win64\share\nvim\runtime\plugin\spellfile.vim
3795.241  000.228  000.228: sourcing C:\Program Files\Dev Stuff\nvim-win64\share\nvim\runtime\plugin\tarPlugin.vim
3799.360  000.195  000.195: sourcing C:\Program Files\Dev Stuff\nvim-win64\share\nvim\runtime\plugin\tohtml.vim
3802.481  000.068  000.068: sourcing C:\Program Files\Dev Stuff\nvim-win64\share\nvim\runtime\plugin\tutor.vim
3805.545  000.247  000.247: sourcing C:\Program Files\Dev Stuff\nvim-win64\share\nvim\runtime\plugin\zipPlugin.vim
3825.115  014.075  014.075: require('hop.defaults')
3828.532  003.406  003.406: require('hop.highlight')
3843.050  004.754  004.754: require('nvim-surround.config')
3843.064  009.541  004.787: require('nvim-surround.buffer')
3847.072  004.002  004.002: require('nvim-surround.cache')
3856.017  004.202  004.202: require('nvim-surround.patterns')
3856.027  008.947  004.745: require('nvim-surround.utils')
3856.034  027.405  004.915: require('nvim-surround')
3856.367  046.593  001.707: sourcing C:\Users\Gabriel\AppData\Local\nvim\plugin\packer_compiled.lua
3860.061  000.129  000.129: sourcing C:\Program Files\Dev Stuff\nvim-win64\share\nvim\runtime\plugin\man.lua
3860.128  068.425: loading rtp plugins
3867.972  000.257  000.257: sourcing C:\Users\Gabriel\AppData\Local\nvim-data\site\pack\packer\start\auto-session\plugin\auto-session.vim
3872.875  000.259  000.259: sourcing C:\Users\Gabriel\AppData\Local\nvim-data\site\pack\packer\start\Comment.nvim\plugin\Comment.lua
3880.329  003.807  003.807: require('dashboard.session')
3880.372  003.983  000.176: sourcing C:\Users\Gabriel\AppData\Local\nvim-data\site\pack\packer\start\dashboard-nvim\plugin\dashboard.lua
3895.471  004.122  004.122: require('diffview.lazy')
3900.008  004.527  004.527: require('diffview.oop')
3900.025  012.664  004.015: require('diffview.events')
3900.034  015.981  003.317: require('diffview.bootstrap')
3900.053  016.117  000.136: sourcing C:\Users\Gabriel\AppData\Local\nvim-data\site\pack\packer\start\diffview.nvim\plugin\diffview.lua
3915.191  005.692  005.692: require('vim.ui')
3915.202  008.922  003.229: require('dressing.patch')
3915.208  012.177  003.256: require('dressing')
3915.221  012.269  000.092: sourcing C:\Users\Gabriel\AppData\Local\nvim-data\site\pack\packer\start\dressing.nvim\plugin\dressing.lua
3919.930  001.181  001.181: sourcing C:\Users\Gabriel\AppData\Local\nvim-data\site\pack\packer\start\hop.nvim\plugin\hop.vim
3935.548  003.625  003.625: require('legendary.api.luatools')
3935.561  007.946  004.321: require('legendary.ui.scratchpad')
3935.655  012.389  004.443: require('legendary.api.cmds')
3935.888  012.748  000.360: sourcing C:\Users\Gabriel\AppData\Local\nvim-data\site\pack\packer\start\legendary.nvim\plugin\legendary.lua
3940.358  000.493  000.493: sourcing C:\Users\Gabriel\AppData\Local\nvim-data\site\pack\packer\start\LuaSnip\plugin\luasnip.vim
3948.283  003.549  003.549: require('cmp.utils.highlight')
3948.586  003.993  000.443: sourcing C:\Users\Gabriel\AppData\Local\nvim-data\site\pack\packer\start\nvim-cmp\plugin\cmp.lua
3952.289  000.137  000.137: sourcing C:\Users\Gabriel\AppData\Local\nvim-data\site\pack\packer\start\nvim-colorizer.lua\plugin\colorizer.vim
3957.011  000.279  000.279: sourcing C:\Users\Gabriel\AppData\Local\nvim-data\site\pack\packer\start\nvim-lspconfig\plugin\lspconfig.lua
3960.215  000.114  000.114: sourcing C:\Users\Gabriel\AppData\Local\nvim-data\site\pack\packer\start\nvim-spectre\plugin\spectre.lua
3971.668  004.050  004.050: require('nvim-treesitter.statusline')
3976.396  004.720  004.720: require('nvim-treesitter.query_predicates')
3976.405  012.531  003.761: require('nvim-treesitter')
3977.092  013.323  000.793: sourcing C:\Users\Gabriel\AppData\Local\nvim-data\site\pack\packer\start\nvim-treesitter\plugin\nvim-treesitter.lua
3983.920  003.904  003.904: require('nvim-treesitter-refactor')
3984.068  004.105  000.201: sourcing C:\Users\Gabriel\AppData\Local\nvim-data\site\pack\packer\start\nvim-treesitter-refactor\plugin\nvim-treesitter-refactor.vim
3991.279  004.230  004.230: require('nvim-treesitter-textobjects')
4017.520  013.249  013.249: require('nvim-treesitter.textobjects.shared')
4017.530  025.983  012.734: require('nvim-treesitter.textobjects.select')
4038.574  007.959  007.959: require('nvim-treesitter.textobjects.attach')
4038.585  021.003  013.045: require('nvim-treesitter.textobjects.move')
4043.136  004.369  004.369: require('nvim-treesitter.textobjects.swap')
4047.917  004.687  004.687: require('nvim-treesitter.textobjects.lsp_interop')
4047.982  060.991  000.719: sourcing C:\Users\Gabriel\AppData\Local\nvim-data\site\pack\packer\start\nvim-treesitter-textobjects\plugin\nvim-treesitter-textobjects.vim
4067.860  003.918  003.918: require('nvim-ts-autotag._log')
4067.870  008.113  004.195: require('nvim-ts-autotag.utils')
4067.882  012.960  004.847: require('nvim-ts-autotag.internal')
4067.887  016.921  003.961: require('nvim-ts-autotag')
4067.973  017.066  000.144: sourcing C:\Users\Gabriel\AppData\Local\nvim-data\site\pack\packer\start\nvim-ts-autotag\plugin\nvim-ts-autotag.vim
4075.027  003.879  003.879: require('ts_context_commentstring')
4075.142  004.054  000.175: sourcing C:\Users\Gabriel\AppData\Local\nvim-data\site\pack\packer\start\nvim-ts-context-commentstring\plugin\ts_context_commentstring.vim
4082.252  004.198  004.198: require('rainbow')
4082.425  004.424  000.226: sourcing C:\Users\Gabriel\AppData\Local\nvim-data\site\pack\packer\start\nvim-ts-rainbow\plugin\rainbow.vim
4086.311  000.095  000.095: sourcing C:\Users\Gabriel\AppData\Local\nvim-data\site\pack\packer\start\nvim-web-devicons\plugin\nvim-web-devicons.vim
4089.695  000.149  000.149: sourcing C:\Users\Gabriel\AppData\Local\nvim-data\site\pack\packer\start\plenary.nvim\plugin\plenary.vim
4093.897  000.112  000.112: sourcing C:\Users\Gabriel\AppData\Local\nvim-data\site\pack\packer\start\session-lens\plugin\session-lens.vim
4098.291  000.380  000.380: sourcing C:\Users\Gabriel\AppData\Local\nvim-data\site\pack\packer\start\telescope.nvim\plugin\telescope.lua
4102.876  000.164  000.164: sourcing C:\Users\Gabriel\AppData\Local\nvim-data\site\pack\packer\start\vim-bbye\plugin\bbye.vim
4112.760  002.399  002.399: sourcing C:\Users\Gabriel\AppData\Local\nvim-data\site\pack\packer\start\vim-fugitive\plugin\fugitive.vim
4113.358  094.139: loading packages
4129.989  003.265  003.265: require('cmp_buffer.timer')
4130.000  006.872  003.607: require('cmp_buffer.buffer')
4130.008  010.410  003.538: require('cmp_buffer.source')
4130.014  012.961  002.551: require('cmp_buffer')
4130.042  013.095  000.134: sourcing C:\Users\Gabriel\AppData\Local\nvim-data\site\pack\packer\start\cmp-buffer\after\plugin\cmp_buffer.lua
4136.563  003.682  003.682: require('cmp_cmdline')
4136.585  003.817  000.134: sourcing C:\Users\Gabriel\AppData\Local\nvim-data\site\pack\packer\start\cmp-cmdline\after\plugin\cmp_cmdline.lua
4139.305  000.105  000.105: sourcing C:\Users\Gabriel\AppData\Local\nvim-data\site\pack\packer\start\cmp-nvim-lsp\after\plugin\cmp_nvim_lsp.lua
4145.572  003.527  003.527: require('cmp_nvim_lua')
4145.602  003.649  000.122: sourcing C:\Users\Gabriel\AppData\Local\nvim-data\site\pack\packer\start\cmp-nvim-lua\after\plugin\cmp_nvim_lua.lua
4152.232  003.878  003.878: require('cmp_path')
4152.252  003.990  000.112: sourcing C:\Users\Gabriel\AppData\Local\nvim-data\site\pack\packer\start\cmp-path\after\plugin\cmp_path.lua
4159.289  003.989  003.989: require('cmp_luasnip')
4159.327  004.136  000.146: sourcing C:\Users\Gabriel\AppData\Local\nvim-data\site\pack\packer\start\cmp_luasnip\after\plugin\cmp_luasnip.lua
4159.342  017.193: loading after plugins
4159.382  000.041: inits 3
4165.935  006.553: reading ShaDa
4170.263  004.102  004.102: require('luasnip.loaders.from_lua')
4174.335  004.035  004.035: require('luasnip.loaders.from_snipmate')
4175.322  000.957  000.957: require('luasnip.loaders.from_vscode')
4175.349  000.319: opening buffers
4175.725  000.376: BufEnter autocommands
4175.732  000.007: editing files in windows
4176.734  000.924  000.924: require('mason-core.terminator')
4203.830  004.154  004.154: require('gitsigns.current_line_blame')


times in msec
 clock   self+sourced   self:  sourced script
 clock   elapsed:              other lines

000.015  000.015: --- NVIM STARTING ---
000.090  000.076: event init
000.194  000.103: early init
010.103  009.910: locale set
010.158  000.055: init first window
010.763  000.605: inits 1
010.834  000.071: window checked
010.844  000.011: parsing arguments
011.725  000.273  000.273: require('vim.shared')
012.363  000.258  000.258: require('vim._meta')
012.369  000.636  000.378: require('vim._editor')
012.374  001.017  000.107: require('vim._init_packages')
012.383  000.522: init lua interpreter
012.446  000.063: expanding arguments
012.492  000.046: inits 2
013.145  000.653: init highlight
013.149  000.004: waiting for UI
014.794  001.645: done waiting for UI
014.823  000.029: init screen for UI
015.055  000.231: init default mappings
015.080  000.026: init default autocommands
022.067  000.104  000.104: sourcing C:\Program Files\Dev Stuff\nvim-win64\share\nvim\runtime\ftplugin.vim
023.241  000.066  000.066: sourcing C:\Program Files\Dev Stuff\nvim-win64\share\nvim\runtime\indent.vim
024.561  000.840  000.840: require('user.options')
025.103  000.535  000.535: require('user.keymaps')
030.003  001.640  001.640: require('packer.util')
030.031  004.663  003.023: require('packer')
035.212  001.743  001.743: require('packer.log')
035.222  003.394  001.651: require('packer.async')
038.443  001.563  001.563: require('packer.result')
038.451  003.224  001.661: require('packer.jobs')
038.462  008.381  001.763: require('packer.plugin_utils')
040.245  001.720  001.720: require('packer.snapshot')
041.110  016.000  001.235: require('user.plugins')
047.300  002.002  002.002: require('tokyonight.treesitter')
047.310  003.983  001.981: require('tokyonight.util')
051.711  001.975  001.975: require('tokyonight.colors')
051.719  004.404  002.428: require('tokyonight.theme')
053.698  001.975  001.975: require('tokyonight.config')
053.706  012.480  002.119: require('tokyonight')
060.050  000.018  000.018: require('vim.F')
060.094  002.989  002.970: require('vim.diagnostic')
066.480  001.960  001.960: require('vim.treesitter.language')
066.504  004.276  002.316: require('vim.treesitter.query')
068.690  002.181  002.181: require('vim.treesitter.languagetree')
068.721  008.604  002.148: require('vim.treesitter')
070.820  002.093  002.093: require('vim.treesitter.highlighter')
072.339  015.542  001.855: sourcing C:\Users\Gabriel\AppData\Local\nvim-data\site\pack\packer\start\tokyonight.nvim\colors\tokyonight-moon.lua
072.364  031.246  003.224: require('user.colorscheme')
073.034  000.189  000.189: require('barbecue.config.template')
073.042  000.368  000.180: require('barbecue.config')
075.192  001.897  001.897: require('nvim-web-devicons')
075.404  000.204  000.204: require('barbecue.utils')
075.414  002.367  000.265: require('barbecue.theme')
075.972  000.232  000.232: require('barbecue.ui.entry')
076.175  000.195  000.195: require('barbecue.ui.state')
077.718  001.288  001.288: require('nvim-navic')
077.728  001.544  000.256: require('barbecue.ui.components')
077.927  000.195  000.195: require('barbecue.ui.mouse')
077.941  002.522  000.356: require('barbecue.ui')
078.149  000.204  000.204: require('barbecue.autocmd')
078.156  005.690  000.229: require('barbecue')
080.872  008.502  002.812: require('user.barbecue')
084.415  000.979  000.979: require('cmp.utils.debug')
086.567  001.081  001.081: require('cmp.utils.char')
086.578  002.155  001.074: require('cmp.utils.str')
087.565  000.983  000.983: require('cmp.utils.pattern')
090.728  001.047  001.047: require('cmp.utils.misc')
091.749  001.014  001.014: require('cmp.utils.buffer')
092.770  001.014  001.014: require('cmp.utils.api')
092.781  004.195  001.121: require('cmp.utils.keymap')
092.788  005.216  001.021: require('cmp.utils.feedkeys')
093.829  001.036  001.036: require('cmp.utils.async')
096.761  000.960  000.960: require('cmp.types.cmp')
097.893  001.124  001.124: require('cmp.types.lsp')
098.852  000.952  000.952: require('cmp.types.vim')
098.859  004.017  000.982: require('cmp.types')
099.936  000.991  000.991: require('cmp.utils.cache')
099.945  006.109  001.101: require('cmp.context')
103.282  001.059  001.059: require('cmp.config.mapping')
105.419  001.112  001.112: require('cmp.config.compare')
105.427  002.135  001.024: require('cmp.config.default')
105.445  004.311  001.117: require('cmp.config')
107.848  001.089  001.089: require('cmp.matcher')
107.858  002.409  001.320: require('cmp.entry')
107.866  007.917  001.197: require('cmp.source')
109.912  000.968  000.968: require('cmp.utils.event')
112.107  001.141  001.141: require('cmp.utils.window')
112.115  002.194  001.054: require('cmp.view.docs_view')
114.375  000.993  000.993: require('cmp.utils.autocmd')
114.387  002.268  001.275: require('cmp.view.custom_entries_view')
115.634  001.242  001.242: require('cmp.view.wildmenu_entries_view')
116.832  001.191  001.191: require('cmp.view.native_entries_view')
117.937  001.097  001.097: require('cmp.view.ghost_text_view')
117.959  010.089  001.129: require('cmp.view')
118.148  035.998  001.515: require('cmp.core')
119.221  000.973  000.973: require('cmp.config.sources')
120.182  000.953  000.953: require('cmp.config.window')
120.259  039.212  001.287: require('cmp')
124.274  000.792  000.792: require('luasnip.session')
125.327  001.045  001.045: require('luasnip.util.util')
126.112  000.777  000.777: require('luasnip.util.types')
127.779  000.829  000.829: require('luasnip.util.ext_opts')
127.788  001.669  000.840: require('luasnip.nodes.util')
128.559  000.767  000.767: require('luasnip.util.events')
128.571  006.002  000.952: require('luasnip.nodes.node')
130.256  000.810  000.810: require('luasnip.util.extend_decorator')
130.266  001.690  000.880: require('luasnip.nodes.insertNode')
131.090  000.819  000.819: require('luasnip.nodes.textNode')
132.013  000.915  000.915: require('luasnip.util.mark')
133.885  001.012  001.012: require('luasnip.util._builtin_vars')
134.114  000.220  000.220: require('vim.inspect')
134.168  002.148  000.917: require('luasnip.util.environ')
135.015  000.841  000.841: require('luasnip.util.pattern_tokenizer')
135.818  000.796  000.796: require('luasnip.util.dict')
136.726  000.899  000.899: require('luasnip.session.snippet_collection')
136.782  015.464  001.354: require('luasnip.nodes.snippet')
138.454  000.797  000.797: require('luasnip.loaders._caches')
139.337  000.875  000.875: require('luasnip.util.path')
139.366  002.576  000.905: require('luasnip.loaders')
140.341  000.966  000.966: require('luasnip.util.log')
141.281  000.927  000.927: require('luasnip.nodes.functionNode')
142.254  000.965  000.965: require('luasnip.nodes.choiceNode')
143.196  000.934  000.934: require('luasnip.nodes.dynamicNode')
144.126  000.922  000.922: require('luasnip.nodes.restoreNode')
146.841  000.850  000.850: require('luasnip.util.parser.neovim_ast')
153.096  000.823  000.823: require('luasnip.util.directed_graph')
153.107  008.090  006.417: require('luasnip.util.parser.ast_utils')
154.814  000.791  000.791: require('luasnip.util.functions')
154.829  001.716  000.926: require('luasnip.util.parser.ast_parser')
155.827  000.994  000.994: require('luasnip.util.parser.neovim_parser')
156.662  000.827  000.827: require('luasnip.util.str')
156.671  012.537  000.910: require('luasnip.util.parser')
160.248  001.887  001.887: require('nvim-treesitter.parsers')
163.100  001.370  001.370: require('nvim-treesitter.utils')
163.112  002.856  001.486: require('nvim-treesitter.ts_utils')
163.119  005.568  000.826: require('luasnip.extras.filetype_functions')
163.938  000.798  000.798: require('luasnip.nodes.absolute_indexer')
164.839  000.893  000.893: require('luasnip.extras')
165.729  000.882  000.882: require('luasnip.extras.fmt')
168.085  000.823  000.823: require('luasnip.extras.conditions')
168.869  000.776  000.776: require('luasnip.extras.conditions.show')
168.878  002.384  000.785: require('luasnip.extras.conditions.expand')
168.882  003.146  000.762: require('luasnip.extras.expand_conditions')
169.757  000.870  000.870: require('luasnip.extras.postfix')
170.249  013.572  001.413: require('luasnip.config')
170.307  050.043  001.179: require('luasnip')
172.168  000.884  000.884: require('luasnip.loaders.util')
172.990  000.813  000.813: require('luasnip.nodes.snippetProxy')
173.001  002.675  000.978: require('luasnip/loaders/from_vscode')
189.813  108.934  017.004: require('user.cmp')
200.739  002.074  002.074: require('vim.lsp.log')
203.149  002.401  002.401: require('vim.lsp.protocol')
208.217  002.164  002.164: require('vim.lsp._snippet')
210.226  002.001  002.001: require('vim.highlight')
210.245  007.088  002.923: require('vim.lsp.util')
210.264  013.844  002.280: require('vim.lsp.handlers')
212.565  002.295  002.295: require('vim.lsp.rpc')
214.658  002.084  002.084: require('vim.lsp.sync')
217.016  002.350  002.350: require('vim.lsp.buf')
219.085  002.061  002.061: require('vim.lsp.diagnostic')
221.181  002.088  002.088: require('vim.lsp.codelens')
221.253  027.779  003.056: require('vim.lsp')
221.343  029.185  001.406: require('lspconfig.util')
221.351  030.400  001.215: require('lspconfig.configs')
221.356  031.395  000.995: require('lspconfig')
224.074  000.872  000.872: require('mason-core.path')
224.093  001.768  000.896: require('mason.settings')
226.080  000.982  000.982: require('mason-core.functional')
228.251  000.906  000.906: require('mason-core.functional.data')
228.262  002.145  001.239: require('mason-core.functional.function')
229.204  000.882  000.882: require('mason-core.functional.relation')
230.093  000.877  000.877: require('mason-core.functional.logic')
230.113  006.016  001.129: require('mason-core.platform')
230.119  008.628  000.844: require('mason')
232.151  001.002  001.002: require('mason-core.functional.list')
232.196  002.031  001.029: require('mason.api.command')
234.083  001.005  001.005: require('mason-core.log')
234.092  001.884  000.879: require('mason-lspconfig')
234.941  000.844  000.844: require('mason-lspconfig.settings')
236.697  000.862  000.862: require('mason-core.notify')
236.707  001.753  000.891: require('mason-lspconfig.lspconfig_hook')
238.494  000.893  000.893: require('mason-core.functional.table')
238.549  001.837  000.943: require('mason-lspconfig.mappings.server')
241.341  001.002  001.002: require('mason-core.async')
242.199  000.850  000.850: require('mason-core.async.uv')
242.211  002.791  000.939: require('mason-core.fs')
243.108  000.892  000.892: require('mason-core.optional')
244.032  000.917  000.917: require('mason-core.EventEmitter')
245.069  001.029  001.029: require('mason-registry.index')
245.093  006.539  000.910: require('mason-registry')
245.918  000.820  000.820: require('mason-lspconfig.server_config_extensions')
247.030  001.104  001.104: require('lspconfig.server_configurations.omnisharp')
247.941  000.848  000.848: require('mason-lspconfig.ensure_installed')
250.894  000.936  000.936: require('mason-core.result')
253.910  001.063  001.063: require('mason-core.process')
263.777  011.847  010.784: require('mason-core.spawn')
264.743  000.958  000.958: require('mason-core.receipt')
265.683  000.926  000.926: require('mason-core.functional.string')
265.703  014.801  001.071: require('mason-core.installer.context')
266.626  000.918  000.918: require('mason-core.installer.linker')
267.521  000.887  000.887: require('mason-core.async.control')
267.531  018.592  001.050: require('mason-core.installer')
268.507  000.971  000.971: require('mason-core.installer.handle')
273.975  001.783  001.783: require('mason-core.managers.powershell')
273.983  002.711  000.928: require('mason-core.fetch')
273.989  003.573  000.862: require('mason-core.managers.cargo.client')
276.000  001.016  001.016: require('mason-core.managers.std')
277.821  000.901  000.901: require('mason-core.providers')
277.844  001.837  000.936: require('mason-core.managers.github.client')
277.854  003.861  001.008: require('mason-core.managers.github')
277.874  008.455  001.021: require('mason-core.managers.cargo')
278.839  000.960  000.960: require('mason-core.managers.composer')
279.843  000.997  000.997: require('mason-core.managers.gem')
280.771  000.920  000.920: require('mason-core.managers.git')
281.798  001.002  001.002: require('mason-core.managers.go')
282.792  000.986  000.986: require('mason-core.managers.luarocks')
283.771  000.972  000.972: require('mason-core.managers.npm')
284.776  000.997  000.997: require('mason-core.managers.pip3')
284.788  016.273  000.982: require('mason-core.package.version-check')
284.797  036.848  001.013: require('mason-core.package')
285.726  000.919  000.919: require('mason-registry.lua-language-server')
286.741  000.881  000.881: require('mason-registry.json-lsp')
287.645  000.890  000.890: require('mason-registry.eslint-lsp')
288.559  000.900  000.900: require('mason-registry.emmet-ls')
289.522  000.904  000.904: require('mason-registry.cssmodules-language-server')
290.437  000.895  000.895: require('mason-registry.css-lsp')
291.390  000.932  000.932: require('mason-registry.graphql-language-service-cli')
292.347  000.942  000.942: require('mason-registry.html-lsp')
293.352  000.989  000.989: require('mason-registry.quick-lint-js')
294.276  000.905  000.905: require('mason-registry.typescript-language-server')
295.201  000.906  000.906: require('mason-registry.tailwindcss-language-server')
297.085  000.885  000.885: require('mason-core.functional.number')
297.135  001.918  001.033: require('mason-lspconfig.api.command')
298.406  000.486  000.486: require('cmp_nvim_lsp.source')
298.415  000.992  000.506: require('cmp_nvim_lsp')
298.437  001.296  000.304: require('user.lsp.handlers')
298.634  000.177  000.177: require('user.lsp.settings.sumneko_lua')
299.838  001.160  001.160: require('lspconfig.server_configurations.sumneko_lua')
303.414  000.213  000.213: require('user.lsp.settings.jsonls')
304.508  001.080  001.080: require('lspconfig.server_configurations.jsonls')
307.886  000.103  000.103: require('user.lsp.settings.eslint')
318.285  010.386  010.386: require('lspconfig.server_configurations.eslint')
325.528  001.072  001.072: require('lspconfig.server_configurations.emmet_ls')
332.793  001.055  001.055: require('lspconfig.server_configurations.cssmodules_ls')
340.038  001.104  001.104: require('lspconfig.server_configurations.cssls')
347.301  001.075  001.075: require('lspconfig.server_configurations.graphql')
354.510  001.062  001.062: require('lspconfig.server_configurations.html')
361.752  001.053  001.053: require('lspconfig.server_configurations.quick_lint_js')
369.439  001.069  001.069: require('lspconfig.server_configurations.tsserver')
376.746  001.092  001.092: require('lspconfig.server_configurations.tailwindcss')
379.985  158.625  060.512: require('user.lsp.mason')
383.045  001.065  001.065: require('null-ls.utils')
383.062  002.021  000.956: require('null-ls.config')
384.882  000.909  000.909: require('null-ls.helpers.cache')
385.891  001.002  001.002: require('null-ls.helpers.diagnostics')
386.802  000.903  000.903: require('null-ls.helpers.formatter_factory')
388.820  000.941  000.941: require('null-ls.logger')
389.746  000.919  000.919: require('null-ls.state')
389.754  002.945  001.086: require('null-ls.helpers.generator_factory')
391.645  000.939  000.939: require('null-ls.helpers.command_resolver')
391.653  001.894  000.955: require('null-ls.helpers.make_builtin')
392.588  000.931  000.931: require('null-ls.helpers.range_formatting_args_factory')
392.596  009.529  000.945: require('null-ls.helpers')
395.618  000.956  000.956: require('null-ls.methods')
395.628  001.965  001.010: require('null-ls.diagnostics')
395.637  003.037  001.071: require('null-ls.sources')
396.565  000.923  000.923: require('null-ls.builtins')
396.574  016.405  000.897: require('null-ls')
397.510  000.931  000.931: require('null-ls.builtins.formatting.prettier')
398.430  000.906  000.906: require('null-ls.builtins.formatting.stylua')
399.692  001.037  001.037: require('null-ls.client')
399.724  019.663  000.384: require('user.lsp.null-ls')
399.729  209.909  000.226: require('user.lsp')
403.380  001.807  001.807: require('telescope._extensions')
403.389  003.517  001.710: require('telescope')
413.178  001.691  001.691: require('plenary.bit')
414.807  001.621  001.621: require('plenary.functional')
414.886  005.392  002.080: require('plenary.path')
414.892  007.074  001.682: require('plenary.strings')
416.695  001.798  001.798: require('telescope.deprecated')
422.240  001.675  001.675: require('plenary.log')
422.258  003.508  001.833: require('telescope.log')
426.126  001.822  001.822: require('plenary.job')
427.910  001.776  001.776: require('telescope.state')
427.921  005.659  002.061: require('telescope.utils')
427.928  011.226  002.060: require('telescope.sorters')
429.193  023.349  003.251: require('telescope.config')
432.725  001.707  001.707: require('plenary.window.border')
434.294  001.561  001.561: require('plenary.window')
435.906  001.605  001.605: require('plenary.popup.utils')
435.915  006.714  001.841: require('plenary.popup')
437.765  001.845  001.845: require('telescope.pickers.scroller')
439.570  001.798  001.798: require('telescope.actions.state')
441.406  001.828  001.828: require('telescope.actions.utils')
445.199  001.894  001.894: require('telescope.actions.mt')
445.216  003.802  001.908: require('telescope.actions.set')
448.989  001.890  001.890: require('telescope.config.resolve')
448.997  003.776  001.885: require('telescope.pickers.entry_display')
450.781  001.780  001.780: require('telescope.from_entry')
450.904  047.510  002.619: require('telescope.actions')
455.392  000.020  000.020: require('ffi')
455.836  002.105  002.084: require('fzf_lib')
455.846  003.999  001.895: require('telescope._extensions.fzf')
455.861  056.128  001.101: require('user.telescope')
460.317  001.345  001.345: require('nvim-treesitter.tsrange')
461.573  001.248  001.248: require('nvim-treesitter.caching')
461.588  004.038  001.445: require('nvim-treesitter.query')
461.601  005.593  001.555: require('nvim-treesitter.configs')
464.552  001.319  001.319: require('nvim-treesitter.info')
465.936  001.376  001.376: require('nvim-treesitter.shell_command_selectors')
465.958  004.345  001.650: require('nvim-treesitter.install')
657.208  201.342  191.404: require('user.treesitter')
659.598  000.929  000.929: require('nvim-autopairs._log')
660.636  001.029  001.029: require('nvim-autopairs.utils')
663.707  001.073  001.073: require('nvim-autopairs.conds')
663.717  002.098  001.025: require('nvim-autopairs.rule')
663.722  003.079  000.981: require('nvim-autopairs.rules.basic')
663.735  006.339  001.302: require('nvim-autopairs')
664.811  001.056  001.056: require('nvim-autopairs.fastwrap')
666.916  001.021  001.021: require('nvim-autopairs.ts-conds')
666.924  001.974  000.953: require('nvim-autopairs.rules.ts_basic')
669.329  000.967  000.967: require('nvim-autopairs.completion.handlers')
669.339  001.968  001.001: require('nvim-autopairs.completion.cmp')
669.350  012.127  000.791: require('user.autopairs')
669.997  000.524  000.524: require('Comment')
670.498  000.493  000.493: require('Comment.config')
672.375  000.623  000.623: require('Comment.ft')
672.386  001.316  000.694: require('Comment.utils')
672.994  000.602  000.602: require('Comment.opfunc')
673.526  000.525  000.525: require('Comment.extra')
673.536  003.026  000.582: require('Comment.api')
673.603  000.061  000.061: require('vim.keymap')
673.742  004.387  000.282: require('user.comment')
684.354  003.818  003.818: require('nvim-tree.notify')
684.369  005.065  001.246: require('nvim-tree.events')
688.105  001.209  001.209: require('nvim-tree.log')
690.979  001.257  001.257: require('nvim-tree.iterators.node-iterator')
691.082  002.969  001.712: require('nvim-tree.utils')
701.830  010.743  010.743: require('nvim-tree.git.utils')
703.130  001.292  001.292: require('nvim-tree.git.runner')
704.421  001.284  001.284: require('nvim-tree.watcher')
705.707  001.279  001.279: require('nvim-tree.explorer.node')
705.717  020.109  001.333: require('nvim-tree.git')
706.946  001.225  001.225: require('nvim-tree.explorer.watch')
709.400  001.217  001.217: require('nvim-tree.explorer.node-builders')
710.685  001.278  001.278: require('nvim-tree.explorer.sorters')
711.955  001.262  001.262: require('nvim-tree.explorer.filters')
714.804  001.529  001.529: require('nvim-tree.view')
714.818  002.838  001.309: require('nvim-tree.live-filter')
714.825  007.871  001.276: require('nvim-tree.explorer.explore')
716.137  001.308  001.308: require('nvim-tree.explorer.reload')
716.145  031.771  001.258: require('nvim-tree.explorer')
716.151  038.022  001.186: require('nvim-tree.core')
717.457  001.301  001.301: require('nvim-tree.diagnostics')
719.858  001.180  001.180: require('nvim-tree.modified')
719.868  002.404  001.223: require('nvim-tree.renderer.components.modified')
721.160  001.287  001.287: require('nvim-tree.renderer.components.padding')
722.455  001.286  001.286: require('nvim-tree.renderer.components.icons')
723.727  001.265  001.265: require('nvim-tree.renderer.components.full-name')
724.964  001.230  001.230: require('nvim-tree.renderer.help')
726.250  001.278  001.278: require('nvim-tree.renderer.components.git')
727.676  001.419  001.419: require('nvim-tree.renderer.builder')
728.940  001.256  001.256: require('nvim-tree.marks')
728.951  052.086  001.336: require('nvim-tree.renderer')
730.197  001.237  001.237: require('nvim-tree.actions.tree-modifiers.collapse-all')
731.397  001.193  001.193: require('nvim-tree.actions.root.dir-up')
732.655  001.250  001.250: require('nvim-tree.actions.root.change-dir')
733.884  001.222  001.222: require('nvim-tree.actions.reloaders.reloaders')
735.107  001.216  001.216: require('nvim-tree.actions.finders.find-file')
735.115  059.529  001.325: require('nvim-tree.lib')
736.366  001.246  001.246: require('nvim-tree.colors')
737.601  001.227  001.227: require('nvim-tree.legacy')
738.976  001.367  001.367: require('nvim-tree.actions.fs.copy-paste')
741.479  001.230  001.230: require('nvim-tree.actions.tree-modifiers.expand-all')
742.716  001.229  001.229: require('nvim-tree.actions.tree-modifiers.toggles')
743.984  001.260  001.260: require('nvim-tree.actions.fs.create-file')
745.236  001.244  001.244: require('nvim-tree.actions.fs.rename-file')
746.486  001.242  001.242: require('nvim-tree.actions.fs.trash')
747.770  001.277  001.277: require('nvim-tree.actions.fs.remove-file')
748.981  001.203  001.203: require('nvim-tree.actions.moves.parent')
750.186  001.197  001.197: require('nvim-tree.actions.moves.sibling')
751.386  001.193  001.193: require('nvim-tree.actions.moves.item')
752.673  001.278  001.278: require('nvim-tree.actions.finders.search-node')
753.899  001.217  001.217: require('nvim-tree.actions.node.run-command')
755.128  001.222  001.222: require('nvim-tree.actions.node.file-popup')
756.353  001.218  001.218: require('nvim-tree.actions.node.system-open')
757.564  001.204  001.204: require('nvim-tree.marks.bulk-move')
757.571  018.587  001.371: require('nvim-tree.actions.dispatch')
757.632  083.723  001.767: require('nvim-tree')
758.812  001.175  001.175: require('nvim-tree.config')
761.435  001.425  001.425: require('nvim-tree.actions')
762.834  001.388  001.388: require('nvim-tree.actions.node.open-file')
768.150  001.222  001.222: require('nvim-tree.marks.navigation')
768.160  002.533  001.311: require('nvim-tree.api')
768.177  003.868  001.335: require('nvim-tree.keymap')
770.272  096.525  004.945: require('user.nvim-tree')
774.552  001.872  001.872: require('toggleterm.lazy')
776.386  001.811  001.811: require('toggleterm.constants')
778.726  002.329  002.329: require('toggleterm.terminal')
778.757  008.291  002.280: require('toggleterm')
782.691  001.958  001.958: require('toggleterm.colors')
784.694  001.995  001.995: require('toggleterm.utils')
784.728  005.956  002.003: require('toggleterm.config')
787.144  002.188  002.188: require('toggleterm.commandline')
787.380  017.101  000.666: require('user.toggleterm')
789.755  000.784  000.784: require('lualine_require')
790.981  003.230  002.446: require('lualine')
791.237  000.247  000.247: require('auto-session-library')
805.474  000.736  000.736: require('lualine.utils.mode')
812.100  024.714  020.500: require('user.lualine')
813.226  000.993  000.993: require('hop')
814.678  000.723  000.723: require('hop.perm')
815.341  000.656  000.656: require('hop.priority')
815.368  002.133  000.754: require('hop.hint')
815.396  003.288  000.163: require('user.hop')
818.777  001.680  001.680: require('project_nvim.config')
822.218  001.673  001.673: require('project_nvim.utils.path')
822.229  003.444  001.771: require('project_nvim.utils.history')
822.234  006.727  001.603: require('project_nvim')
824.100  001.735  001.735: require('project_nvim.utils.globtopattern')
825.954  001.788  001.788: require('project_nvim.project')
832.185  002.499  002.499: require('telescope.make_entry')
842.078  001.560  001.560: require('plenary.tbl')
842.088  003.178  001.618: require('plenary.vararg.rotate')
842.093  004.757  001.579: require('plenary.vararg')
843.656  001.559  001.559: require('plenary.errors')
843.666  007.952  001.637: require('plenary.async.async')
850.133  001.643  001.643: require('plenary.async.structs')
850.146  003.294  001.651: require('plenary.async.control')
850.154  004.907  001.612: require('plenary.async.util')
850.159  006.488  001.582: require('plenary.async.tests')
850.164  016.070  001.629: require('plenary.async')
850.170  017.977  001.908: require('telescope.finders.async_static_finder')
855.736  001.624  001.624: require('plenary.class')
855.848  003.736  002.112: require('telescope._')
855.856  005.681  001.945: require('telescope.finders.async_oneshot_finder')
857.768  001.907  001.907: require('telescope.finders.async_job_finder')
857.780  029.983  001.918: require('telescope.finders')
862.325  001.899  001.899: require('telescope.debounce')
864.296  001.960  001.960: require('telescope.mappings')
866.253  001.948  001.948: require('telescope.pickers.highlights')
868.097  001.835  001.835: require('telescope.pickers.window')
872.015  001.955  001.955: require('telescope.algos.linked_list')
872.028  003.924  001.969: require('telescope.entry_manager')
873.904  001.871  001.871: require('telescope.pickers.multi')
873.935  016.150  002.713: require('telescope.pickers')
877.996  002.070  002.070: require('telescope.builtin.__lsp')
878.029  004.087  002.017: require('telescope.builtin')
878.040  052.014  001.794: require('telescope._extensions.projects')
878.048  062.647  000.383: require('user.project')
879.739  000.747  000.747: require('gitsigns.async')
880.395  000.648  000.648: require('gitsigns.status')
882.098  000.722  000.722: require('gitsigns.debug')
882.847  000.741  000.741: require('gitsigns.util')
884.209  000.675  000.675: require('gitsigns.uv')
884.216  001.362  000.687: require('gitsigns.subprocess')
887.122  000.630  000.630: require('gitsigns.message')
887.137  001.472  000.842: require('gitsigns.config')
887.768  000.625  000.625: require('gitsigns.signs.base')
887.775  002.743  000.645: require('gitsigns.signs')
887.783  003.562  000.819: require('gitsigns.hunks')
897.574  017.172  010.785: require('gitsigns.git')
899.187  000.662  000.662: require('gitsigns.cache')
899.850  000.655  000.655: require('gitsigns.debounce')
900.475  000.618  000.618: require('gitsigns.diff')
900.490  002.908  000.973: require('gitsigns.manager')
901.241  000.747  000.747: require('gitsigns.highlight')
901.254  023.070  000.849: require('gitsigns')
909.322  000.713  000.713: require('gitsigns.signs.vimfn')
913.519  035.466  011.683: require('user.gitsigns')
914.740  000.915  000.915: require('dashboard')
914.843  001.307  000.391: require('user.dashboard-nvim')
917.755  001.173  001.173: require('colorizer/nvim')
919.082  001.318  001.318: require('colorizer/trie')
919.242  004.286  001.795: require('colorizer')
920.348  005.499  001.213: require('user.colorizer')
922.013  001.530  001.530: require('ufo')
925.516  001.816  001.816: require('ufo.utils')
930.931  001.868  001.868: require('promise-async.utils')
932.866  001.927  001.927: require('promise-async.error')
934.637  001.759  001.759: require('promise-async.loop')
934.648  007.505  001.951: require('promise')
936.287  001.635  001.635: require('ufo.lib.log')
936.295  010.771  001.631: require('ufo.provider')
939.434  001.540  001.540: require('ufo.config')
942.857  001.766  001.766: require('promise-async.compat')
942.883  003.441  001.675: require('async')
945.819  001.463  001.463: require('ufo.lib.disposable')
945.827  002.939  001.476: require('ufo.lib.event')
950.576  001.570  001.570: require('ufo.model.buffer')
952.066  001.482  001.482: require('ufo.model.foldedline')
952.077  004.688  001.636: require('ufo.model.foldbuffer')
953.575  001.493  001.493: require('ufo.bufmanager')
956.612  001.502  001.502: require('ufo.wffi')
956.620  003.038  001.536: require('ufo.fold.driver')
956.626  010.794  001.576: require('ufo.fold.manager')
958.116  001.483  001.483: require('ufo.lib.debounce')
958.130  021.830  001.633: require('ufo.fold')
962.820  001.490  001.490: require('ufo.highlight')
964.313  001.485  001.485: require('ufo.render.extmark')
965.813  001.492  001.492: require('ufo.render.treesitter')
967.286  001.466  001.466: require('ufo.render.match')
967.296  007.551  001.618: require('ufo.render')
967.303  009.168  001.616: require('ufo.decorator')
970.574  001.618  001.618: require('ufo.preview.floatwin')
972.090  001.509  001.509: require('ufo.preview.scrollbar')
973.577  001.480  001.480: require('ufo.preview.winbar')
975.086  001.501  001.501: require('ufo.preview.keymap')
975.096  007.789  001.681: require('ufo.preview')
975.104  053.082  001.709: require('ufo.main')
975.427  055.071  000.459: require('user.ufo')
977.412  001.841  001.841: require('wilder')
979.314  001.894  001.894: require('wilder.shim')
980.717  000.094  000.094: sourcing C:\Users\Gabriel\AppData\Local\nvim-data\site\pack\packer\start\wilder.nvim\autoload\wilder\lua.vim
982.869  000.937  000.937: sourcing C:\Users\Gabriel\AppData\Local\nvim-data\site\pack\packer\start\wilder.nvim\autoload\wilder.vim
984.168  000.071  000.071: sourcing C:\Users\Gabriel\AppData\Local\nvim-data\site\pack\packer\start\wilder.nvim\autoload\wilder\setup.vim
985.559  000.100  000.100: sourcing C:\Users\Gabriel\AppData\Local\nvim-data\site\pack\packer\start\wilder.nvim\autoload\wilder\options.vim
987.636  000.577  000.577: sourcing C:\Users\Gabriel\AppData\Local\nvim-data\site\pack\packer\start\wilder.nvim\autoload\wilder\highlight.vim
1008.362  000.254  000.254: sourcing C:\Users\Gabriel\AppData\Local\nvim-data\site\pack\packer\start\wilder.nvim\autoload\wilder\highlighter.vim
1009.991  000.225  000.225: sourcing C:\Users\Gabriel\AppData\Local\nvim-data\site\pack\packer\start\wilder.nvim\autoload\wilder\renderer\component\popupmenu_devicons.vim
1011.290  000.089  000.089: sourcing C:\Users\Gabriel\AppData\Local\nvim-data\site\pack\packer\start\wilder.nvim\autoload\wilder\cache.vim
1012.716  000.080  000.080: sourcing C:\Users\Gabriel\AppData\Local\nvim-data\site\pack\packer\start\wilder.nvim\autoload\wilder\renderer\component\popupmenu_scrollbar.vim
1014.288  000.199  000.199: sourcing C:\Users\Gabriel\AppData\Local\nvim-data\site\pack\packer\start\wilder.nvim\autoload\wilder\renderer\popupmenu_border_theme.vim
1015.882  000.142  000.142: sourcing C:\Users\Gabriel\AppData\Local\nvim-data\site\pack\packer\start\wilder.nvim\autoload\wilder\renderer\component\popupmenu_error_message.vim
1019.726  000.556  000.556: sourcing C:\Users\Gabriel\AppData\Local\nvim-data\site\pack\packer\start\wilder.nvim\autoload\wilder\renderer\popupmenu.vim
1021.212  000.203  000.203: sourcing C:\Users\Gabriel\AppData\Local\nvim-data\site\pack\packer\start\wilder.nvim\autoload\wilder\render.vim
1025.378  000.229  000.229: sourcing C:\Users\Gabriel\AppData\Local\nvim-data\site\pack\packer\start\wilder.nvim\autoload\wilder\renderer\nvim_api.vim
1025.970  050.537  043.048: require('user.wilder')
1027.644  000.732  000.732: require('legendary.vendor.lazy')
1027.661  001.518  000.786: require('legendary')
1028.419  000.750  000.750: require('legendary.config')
1029.188  000.752  000.752: require('legendary.deprecate')
1031.536  000.814  000.814: require('legendary.vendor.middleclass')
1032.268  000.724  000.724: require('legendary.util')
1034.571  000.765  000.765: require('legendary.api.cache')
1034.582  001.528  000.763: require('legendary.log')
1034.590  002.314  000.786: require('legendary.toolbox')
1035.362  000.752  000.752: require('legendary.vendor.sorter')
1035.378  005.448  000.845: require('legendary.data.itemlist')
1035.384  006.172  000.724: require('legendary.data.state')
1036.215  000.823  000.823: require('legendary.data.keymap')
1037.968  000.806  000.806: require('legendary.data.autocmd')
1037.987  001.564  000.758: require('legendary.data.augroup')
1039.565  000.808  000.808: require('legendary.data.command')
1040.312  000.738  000.738: require('legendary.data.function')
1040.334  002.342  000.795: require('legendary.data.itemgroup')
1042.277  016.300  002.380: require('user.legendary')
1043.164  000.183  000.183: require('auto-session-autocmds')
1043.203  000.757  000.574: require('auto-session')
1048.611  001.838  001.838: require('telescope._extensions.session-lens.session-lens-library')
1050.392  001.772  001.772: require('telescope._extensions.session-lens.session-lens-actions')
1052.248  001.848  001.848: require('telescope.themes')
1052.256  007.306  001.848: require('telescope._extensions.session-lens.main')
1052.261  009.053  001.747: require('session-lens')
1054.024  001.749  001.749: require('telescope._extensions.session-lens')
1054.035  011.743  000.185: require('user.session-lens')
1054.041  1030.431  000.283: sourcing C:\Users\Gabriel\AppData\Local\nvim\init.lua
1054.082  008.401: sourcing vimrc file(s)
1056.855  000.057  000.057: sourcing C:\Users\Gabriel\AppData\Local\nvim-data\site\pack\packer\start\LuaSnip\ftdetect\snippets.vim
1057.850  000.052  000.052: sourcing C:\Users\Gabriel\AppData\Local\nvim-data\site\pack\packer\start\vim-fugitive\ftdetect\fugitive.vim
1059.510  003.543  003.433: sourcing C:\Program Files\Dev Stuff\nvim-win64\share\nvim\runtime\filetype.lua
1059.737  000.041  000.041: sourcing C:\Program Files\Dev Stuff\nvim-win64\share\nvim\runtime\filetype.vim
1061.491  000.143  000.143: sourcing C:\Program Files\Dev Stuff\nvim-win64\share\nvim\runtime\syntax\synload.vim
1061.732  001.652  001.509: sourcing C:\Program Files\Dev Stuff\nvim-win64\share\nvim\runtime\syntax\syntax.vim
1069.183  000.443  000.443: sourcing C:\Program Files\Dev Stuff\nvim-win64\share\nvim\runtime\plugin\gzip.vim
1069.355  000.050  000.050: sourcing C:\Program Files\Dev Stuff\nvim-win64\share\nvim\runtime\plugin\health.vim
1071.164  000.534  000.534: sourcing C:\Program Files\Dev Stuff\nvim-win64\share\nvim\runtime\pack\dist\opt\matchit\plugin\matchit.vim
1071.472  001.998  001.464: sourcing C:\Program Files\Dev Stuff\nvim-win64\share\nvim\runtime\plugin\matchit.vim
1071.878  000.282  000.282: sourcing C:\Program Files\Dev Stuff\nvim-win64\share\nvim\runtime\plugin\matchparen.vim
1072.056  000.051  000.051: sourcing C:\Program Files\Dev Stuff\nvim-win64\share\nvim\runtime\plugin\netrwPlugin.vim
1072.622  000.040  000.040: sourcing C:\Users\Gabriel\AppData\Local\nvim-data/rplugin.vim
1072.646  000.469  000.429: sourcing C:\Program Files\Dev Stuff\nvim-win64\share\nvim\runtime\plugin\rplugin.vim
1072.897  000.135  000.135: sourcing C:\Program Files\Dev Stuff\nvim-win64\share\nvim\runtime\plugin\shada.vim
1073.092  000.062  000.062: sourcing C:\Program Files\Dev Stuff\nvim-win64\share\nvim\runtime\plugin\spellfile.vim
1073.436  000.220  000.220: sourcing C:\Program Files\Dev Stuff\nvim-win64\share\nvim\runtime\plugin\tarPlugin.vim
1073.755  000.189  000.189: sourcing C:\Program Files\Dev Stuff\nvim-win64\share\nvim\runtime\plugin\tohtml.vim
1073.941  000.063  000.063: sourcing C:\Program Files\Dev Stuff\nvim-win64\share\nvim\runtime\plugin\tutor.vim
1074.324  000.247  000.247: sourcing C:\Program Files\Dev Stuff\nvim-win64\share\nvim\runtime\plugin\zipPlugin.vim
1087.263  011.366  011.366: require('hop.defaults')
1087.938  000.665  000.665: require('hop.highlight')
1092.282  001.464  001.464: require('nvim-surround.config')
1092.293  002.749  001.285: require('nvim-surround.buffer')
1093.460  001.162  001.162: require('nvim-surround.cache')
1095.948  001.252  001.252: require('nvim-surround.patterns')
1095.957  002.490  001.238: require('nvim-surround.utils')
1095.964  007.984  001.584: require('nvim-surround')
1096.230  021.484  001.468: sourcing C:\Users\Gabriel\AppData\Local\nvim\plugin\packer_compiled.lua
1097.210  000.118  000.118: sourcing C:\Program Files\Dev Stuff\nvim-win64\share\nvim\runtime\plugin\man.lua
1097.276  012.147: loading rtp plugins
1101.545  000.303  000.303: sourcing C:\Users\Gabriel\AppData\Local\nvim-data\site\pack\packer\start\auto-session\plugin\auto-session.vim
1103.688  000.274  000.274: sourcing C:\Users\Gabriel\AppData\Local\nvim-data\site\pack\packer\start\Comment.nvim\plugin\Comment.lua
1105.044  000.671  000.671: require('dashboard.session')
1105.090  000.844  000.173: sourcing C:\Users\Gabriel\AppData\Local\nvim-data\site\pack\packer\start\dashboard-nvim\plugin\dashboard.lua
1107.616  000.585  000.585: require('diffview.lazy')
1108.300  000.676  000.676: require('diffview.oop')
1108.316  001.937  000.677: require('diffview.events')
1108.325  002.547  000.609: require('diffview.bootstrap')
1108.346  002.695  000.148: sourcing C:\Users\Gabriel\AppData\Local\nvim-data\site\pack\packer\start\diffview.nvim\plugin\diffview.lua
1112.729  002.573  002.573: require('vim.ui')
1112.748  003.191  000.618: require('dressing.patch')
1112.755  003.780  000.589: require('dressing')
1112.768  003.862  000.082: sourcing C:\Users\Gabriel\AppData\Local\nvim-data\site\pack\packer\start\dressing.nvim\plugin\dressing.lua
1114.671  001.199  001.199: sourcing C:\Users\Gabriel\AppData\Local\nvim-data\site\pack\packer\start\hop.nvim\plugin\hop.vim
1117.914  000.720  000.720: require('legendary.api.luatools')
1117.929  001.591  000.871: require('legendary.ui.scratchpad')
1118.096  002.578  000.987: require('legendary.api.cmds')
1118.347  002.969  000.391: sourcing C:\Users\Gabriel\AppData\Local\nvim-data\site\pack\packer\start\legendary.nvim\plugin\legendary.lua
1119.418  000.496  000.496: sourcing C:\Users\Gabriel\AppData\Local\nvim-data\site\pack\packer\start\LuaSnip\plugin\luasnip.vim
1121.864  001.016  001.016: require('cmp.utils.highlight')
1122.130  001.413  000.397: sourcing C:\Users\Gabriel\AppData\Local\nvim-data\site\pack\packer\start\nvim-cmp\plugin\cmp.lua
1122.692  000.135  000.135: sourcing C:\Users\Gabriel\AppData\Local\nvim-data\site\pack\packer\start\nvim-colorizer.lua\plugin\colorizer.vim
1123.672  000.279  000.279: sourcing C:\Users\Gabriel\AppData\Local\nvim-data\site\pack\packer\start\nvim-lspconfig\plugin\lspconfig.lua
1124.467  000.086  000.086: sourcing C:\Users\Gabriel\AppData\Local\nvim-data\site\pack\packer\start\nvim-spectre\plugin\spectre.lua
1127.851  001.267  001.267: require('nvim-treesitter.statusline')
1129.212  001.353  001.353: require('nvim-treesitter.query_predicates')
1129.220  003.804  001.184: require('nvim-treesitter')
1130.015  004.693  000.888: sourcing C:\Users\Gabriel\AppData\Local\nvim-data\site\pack\packer\start\nvim-treesitter\plugin\nvim-treesitter.lua
1131.724  001.221  001.221: require('nvim-treesitter-refactor')
1131.892  001.438  000.217: sourcing C:\Users\Gabriel\AppData\Local\nvim-data\site\pack\packer\start\nvim-treesitter-refactor\plugin\nvim-treesitter-refactor.vim
1133.922  001.393  001.393: require('nvim-treesitter-textobjects')
1137.158  001.431  001.431: require('nvim-treesitter.textobjects.shared')
1137.167  002.917  001.486: require('nvim-treesitter.textobjects.select')
1139.980  001.379  001.379: require('nvim-treesitter.textobjects.attach')
1139.992  002.766  001.387: require('nvim-treesitter.textobjects.move')
1141.560  001.359  001.359: require('nvim-treesitter.textobjects.swap')
1143.066  001.413  001.413: require('nvim-treesitter.textobjects.lsp_interop')
1143.130  010.655  000.808: sourcing C:\Users\Gabriel\AppData\Local\nvim-data\site\pack\packer\start\nvim-treesitter-textobjects\plugin\nvim-treesitter-textobjects.vim
1149.358  001.360  001.360: require('nvim-ts-autotag._log')
1149.367  002.749  001.390: require('nvim-ts-autotag.utils')
1149.378  004.368  001.618: require('nvim-ts-autotag.internal')
1149.383  005.628  001.260: require('nvim-ts-autotag')
1149.439  005.736  000.108: sourcing C:\Users\Gabriel\AppData\Local\nvim-data\site\pack\packer\start\nvim-ts-autotag\plugin\nvim-ts-autotag.vim
1151.447  001.304  001.304: require('ts_context_commentstring')
1151.541  001.452  000.149: sourcing C:\Users\Gabriel\AppData\Local\nvim-data\site\pack\packer\start\nvim-ts-context-commentstring\plugin\ts_context_commentstring.vim
1153.493  001.323  001.323: require('rainbow')
1153.556  001.435  000.113: sourcing C:\Users\Gabriel\AppData\Local\nvim-data\site\pack\packer\start\nvim-ts-rainbow\plugin\rainbow.vim
1154.363  000.082  000.082: sourcing C:\Users\Gabriel\AppData\Local\nvim-data\site\pack\packer\start\nvim-web-devicons\plugin\nvim-web-devicons.vim
1155.218  000.142  000.142: sourcing C:\Users\Gabriel\AppData\Local\nvim-data\site\pack\packer\start\plenary.nvim\plugin\plenary.vim
1156.309  000.108  000.108: sourcing C:\Users\Gabriel\AppData\Local\nvim-data\site\pack\packer\start\session-lens\plugin\session-lens.vim
1157.524  000.351  000.351: sourcing C:\Users\Gabriel\AppData\Local\nvim-data\site\pack\packer\start\telescope.nvim\plugin\telescope.lua
1158.385  000.160  000.160: sourcing C:\Users\Gabriel\AppData\Local\nvim-data\site\pack\packer\start\vim-bbye\plugin\bbye.vim
1161.380  002.438  002.438: sourcing C:\Users\Gabriel\AppData\Local\nvim-data\site\pack\packer\start\vim-fugitive\plugin\fugitive.vim
1162.001  021.480: loading packages
1164.417  000.227  000.227: require('cmp_buffer.timer')
1164.429  000.614  000.387: require('cmp_buffer.buffer')
1164.434  000.899  000.285: require('cmp_buffer.source')
1164.439  001.119  000.220: require('cmp_buffer')
1164.466  001.228  000.110: sourcing C:\Users\Gabriel\AppData\Local\nvim-data\site\pack\packer\start\cmp-buffer\after\plugin\cmp_buffer.lua
1165.340  000.410  000.410: require('cmp_cmdline')
1165.361  000.511  000.102: sourcing C:\Users\Gabriel\AppData\Local\nvim-data\site\pack\packer\start\cmp-cmdline\after\plugin\cmp_cmdline.lua
1165.831  000.100  000.100: sourcing C:\Users\Gabriel\AppData\Local\nvim-data\site\pack\packer\start\cmp-nvim-lsp\after\plugin\cmp_nvim_lsp.lua
1166.702  000.428  000.428: require('cmp_nvim_lua')
1166.753  000.563  000.135: sourcing C:\Users\Gabriel\AppData\Local\nvim-data\site\pack\packer\start\cmp-nvim-lua\after\plugin\cmp_nvim_lua.lua
1167.784  000.589  000.589: require('cmp_path')
1167.813  000.703  000.114: sourcing C:\Users\Gabriel\AppData\Local\nvim-data\site\pack\packer\start\cmp-path\after\plugin\cmp_path.lua
1168.834  000.555  000.555: require('cmp_luasnip')
1168.876  000.702  000.147: sourcing C:\Users\Gabriel\AppData\Local\nvim-data\site\pack\packer\start\cmp_luasnip\after\plugin\cmp_luasnip.lua
1168.891  003.083: loading after plugins
1168.931  000.040: inits 3
1175.006  006.074: reading ShaDa
1176.188  000.932  000.932: require('luasnip.loaders.from_lua')
1177.196  000.977  000.977: require('luasnip.loaders.from_snipmate')
1178.203  000.977  000.977: require('luasnip.loaders.from_vscode')
1178.230  000.338: opening buffers
1178.639  000.409: BufEnter autocommands
1178.645  000.006: editing files in windows
1179.679  000.955  000.955: require('mason-core.terminator')
1199.934  000.865  000.865: require('gitsigns.current_line_blame')
